<?xml version="1.0" encoding="UTF-8"?>
<!-- Generated by org.testng.reporters.JUnitReportReporter -->
<testsuite skipped="0" hostname="TGS-DPC-2534" name="Exp.MAF2.Zerosanity" tests="1" failures="0" timestamp="2019-11-01T16:31:05 IST" time="79.557" errors="0">
  <testcase name="sanitytest" time="79.557" classname="Exp.MAF2.Zerosanity"/>
</testsuite> <!-- Exp.MAF2.Zerosanity -->
