<?xml version="1.0" encoding="UTF-8"?>
<!-- Generated by org.testng.reporters.JUnitReportReporter -->
<testsuite skipped="0" hostname="TGS-DPC-2534" name="Exp.MAF2.ecommerce_tc_3" tests="1" failures="0" timestamp="2019-11-01T16:31:05 IST" time="40.756" errors="0">
  <testcase name="errormsgValidation" time="40.756" classname="Exp.MAF2.ecommerce_tc_3"/>
</testsuite> <!-- Exp.MAF2.ecommerce_tc_3 -->
